<?xml version="1.0" encoding="UTF-8"?>
<!-- Generated by org.testng.reporters.JUnitReportReporter -->
<testsuite hostname="DESKTOP-UNVGE05" failures="0" tests="1" name="TestCases.TC014_Verify_Place_OrderRegisterwhilecheckout" time="110.240" errors="0" timestamp="2023-06-01T14:36:58 AEST" skipped="0">
  <testcase classname="TestCases.TC014_Verify_Place_OrderRegisterwhilecheckout" name="TC014_VerifyPlacedOrder" time="110.240"/>
  <system-out/>
</testsuite> <!-- TestCases.TC014_Verify_Place_OrderRegisterwhilecheckout -->
