<?xml version="1.0" encoding="UTF-8"?>
<!-- Generated by org.testng.reporters.JUnitReportReporter -->
<testsuite hostname="DESKTOP-UNVGE05" failures="0" tests="1" name="TestCases.TC004_LogoutUser" time="9.752" errors="0" timestamp="2023-05-25T20:51:27 AEST" skipped="0">
  <testcase classname="TestCases.TC004_LogoutUser" name="registration" time="9.752"/>
  <system-out/>
</testsuite> <!-- TestCases.TC004_LogoutUser -->
