<?xml version="1.0" encoding="UTF-8"?>
<!-- Generated by org.testng.reporters.JUnitReportReporter -->
<testsuite hostname="DESKTOP-UNVGE05" failures="0" tests="1" name="TestCases.TC010_Verify_Subscription" time="0.583" errors="0" timestamp="2023-06-01T14:36:58 AEST" skipped="0">
  <testcase classname="TestCases.TC010_Verify_Subscription" name="TC010_Verify_Subsription" time="0.583"/>
  <system-out/>
</testsuite> <!-- TestCases.TC010_Verify_Subscription -->
