<?xml version="1.0" encoding="UTF-8"?>
<!-- Generated by org.testng.reporters.JUnitReportReporter -->
<testsuite hostname="DESKTOP-UNVGE05" failures="0" tests="1" name="TestCases.TC003_InvalidCredentials" time="6.399" errors="0" timestamp="2023-05-25T20:51:27 AEST" skipped="0">
  <testcase classname="TestCases.TC003_InvalidCredentials" name="registration" time="6.399"/>
  <system-out/>
</testsuite> <!-- TestCases.TC003_InvalidCredentials -->
