<?xml version="1.0" encoding="UTF-8"?>
<!-- Generated by org.testng.reporters.JUnitReportReporter -->
<testsuite hostname="DESKTOP-UNVGE05" failures="0" tests="1" name="TestCases.TC005_Register_User_With_Registeredemail" time="4.140" errors="0" timestamp="2023-05-25T20:51:27 AEST" skipped="0">
  <testcase classname="TestCases.TC005_Register_User_With_Registeredemail" name="registration" time="4.140"/>
  <system-out/>
</testsuite> <!-- TestCases.TC005_Register_User_With_Registeredemail -->
