<?xml version="1.0" encoding="UTF-8"?>
<!-- Generated by org.testng.reporters.JUnitReportReporter -->
<testsuite hostname="DESKTOP-UNVGE05" failures="0" tests="1" name="TestCases.TC011_Verify_Subscription_inCart" time="3.220" errors="0" timestamp="2023-06-01T14:36:58 AEST" skipped="0">
  <testcase classname="TestCases.TC011_Verify_Subscription_inCart" name="TC010_Verify_Subsription" time="3.220"/>
  <system-out/>
</testsuite> <!-- TestCases.TC011_Verify_Subscription_inCart -->
