<?xml version="1.0" encoding="UTF-8"?>
<!-- Generated by org.testng.reporters.JUnitReportReporter -->
<testsuite hostname="DESKTOP-UNVGE05" failures="0" tests="1" name="TestCases.TC012_Add_Products_in_Cart" time="34.244" errors="0" timestamp="2023-06-01T14:40:45 AEST" skipped="0">
  <testcase classname="TestCases.TC012_Add_Products_in_Cart" name="TC012_AddProducts" time="34.244"/>
  <system-out/>
</testsuite> <!-- TestCases.TC012_Add_Products_in_Cart -->
