<?xml version="1.0" encoding="UTF-8"?>
<!-- Generated by org.testng.reporters.JUnitReportReporter -->
<testsuite hostname="DESKTOP-UNVGE05" failures="0" tests="1" name="TestCases.TC007_TestCases_Tab" time="7.568" errors="0" timestamp="2023-05-25T20:51:27 AEST" skipped="0">
  <testcase classname="TestCases.TC007_TestCases_Tab" name="testcases" time="7.568"/>
  <system-out/>
</testsuite> <!-- TestCases.TC007_TestCases_Tab -->
