<?xml version="1.0" encoding="UTF-8"?>
<!-- Generated by org.testng.reporters.JUnitReportReporter -->
<testsuite hostname="DESKTOP-UNVGE05" failures="0" tests="1" name="TestCases.TC015_Verify_Place_OrderRegisterbeforecheckout" time="69.022" errors="0" timestamp="2023-06-01T14:36:58 AEST" skipped="0">
  <testcase classname="TestCases.TC015_Verify_Place_OrderRegisterbeforecheckout" name="TC014_VerifyPlacedOrder" time="69.022"/>
  <system-out/>
</testsuite> <!-- TestCases.TC015_Verify_Place_OrderRegisterbeforecheckout -->
