<?xml version="1.0" encoding="UTF-8"?>
<!-- Generated by org.testng.reporters.JUnitReportReporter -->
<testsuite hostname="DESKTOP-UNVGE05" failures="0" tests="1" name="TestCases.TC002_ValidCredentials" time="16.739" errors="0" timestamp="2023-05-26T09:55:06 AEST" skipped="0">
  <testcase classname="TestCases.TC002_ValidCredentials" name="TC002_ValidCredentials" time="16.739"/>
  <system-out/>
</testsuite> <!-- TestCases.TC002_ValidCredentials -->
