<?xml version="1.0" encoding="UTF-8"?>
<!-- Generated by org.testng.reporters.JUnitReportReporter -->
<testsuite hostname="DESKTOP-UNVGE05" failures="0" tests="1" name="TestCases.TC001_Register_User" time="48.200" errors="0" timestamp="2023-06-01T14:36:58 AEST" skipped="0">
  <testcase classname="TestCases.TC001_Register_User" name="TC001_Register_newuser" time="48.200"/>
  <system-out/>
</testsuite> <!-- TestCases.TC001_Register_User -->
