<?xml version="1.0" encoding="UTF-8"?>
<!-- Generated by org.testng.reporters.JUnitReportReporter -->
<testsuite hostname="DESKTOP-UNVGE05" failures="0" tests="1" name="TestCases.TC013_Verify_Products_quantity_in_Cart" time="43.953" errors="0" timestamp="2023-06-01T14:36:58 AEST" skipped="0">
  <testcase classname="TestCases.TC013_Verify_Products_quantity_in_Cart" name="TC013_VerifyProductsQuantity" time="43.953"/>
  <system-out/>
</testsuite> <!-- TestCases.TC013_Verify_Products_quantity_in_Cart -->
