<?xml version="1.0" encoding="UTF-8"?>
<!-- Generated by org.testng.reporters.JUnitReportReporter -->
<testsuite hostname="DESKTOP-UNVGE05" failures="0" tests="1" name="TestCases.TC006_Contactus_form" time="4.736" errors="0" timestamp="2023-05-25T20:51:27 AEST" skipped="0">
  <testcase classname="TestCases.TC006_Contactus_form" name="registration" time="4.736"/>
  <system-out/>
</testsuite> <!-- TestCases.TC006_Contactus_form -->
