<?xml version="1.0" encoding="UTF-8"?>
<!-- Generated by org.testng.reporters.JUnitReportReporter -->
<testsuite hostname="DESKTOP-UNVGE05" failures="0" tests="1" name="TestCases.TC008_Verify_All_Product" time="27.521" errors="0" timestamp="2023-06-01T14:36:58 AEST" skipped="0">
  <testcase classname="TestCases.TC008_Verify_All_Product" name="TC008_Verify_ProductList" time="27.521"/>
  <system-out/>
</testsuite> <!-- TestCases.TC008_Verify_All_Product -->
