<?xml version="1.0" encoding="UTF-8"?>
<!-- Generated by org.testng.reporters.JUnitReportReporter -->
<testsuite hostname="DESKTOP-UNVGE05" failures="0" tests="1" name="TestCases.TC006_Contactus_form" time="5.487" errors="0" timestamp="2023-06-01T14:36:58 AEST" skipped="0">
  <testcase classname="TestCases.TC006_Contactus_form" name="TC006_Contactus" time="5.487"/>
  <system-out/>
</testsuite> <!-- TestCases.TC006_Contactus_form -->
