<?xml version="1.0" encoding="UTF-8"?>
<!-- Generated by org.testng.reporters.JUnitReportReporter -->
<testsuite hostname="DESKTOP-UNVGE05" failures="0" tests="1" name="TestCases.TC010_Verify_Subscription" time="0.274" errors="0" timestamp="2023-06-02T12:26:54 AEST" skipped="0">
  <testcase classname="TestCases.TC010_Verify_Subscription" name="TC010_Verify_Subsription" time="0.274"/>
  <system-out/>
</testsuite> <!-- TestCases.TC010_Verify_Subscription -->
