<?xml version="1.0" encoding="UTF-8"?>
<!-- Generated by org.testng.reporters.JUnitReportReporter -->
<testsuite hostname="DESKTOP-UNVGE05" failures="0" tests="1" name="TestCases.TC007_TestCases_Tab" time="0.142" errors="0" timestamp="2023-06-02T13:55:40 AEST" skipped="0">
  <testcase classname="TestCases.TC007_TestCases_Tab" name="TC007_TestCases_Tab" time="0.142"/>
  <system-out/>
</testsuite> <!-- TestCases.TC007_TestCases_Tab -->
