<?xml version="1.0" encoding="UTF-8"?>
<!-- Generated by org.testng.reporters.JUnitReportReporter -->
<testsuite hostname="DESKTOP-UNVGE05" failures="0" tests="1" name="TestCases.TC009_Search_Product" time="30.884" errors="0" timestamp="2023-06-02T12:33:23 AEST" skipped="0">
  <testcase classname="TestCases.TC009_Search_Product" name="TC008_Verify_ProductList" time="30.884"/>
  <system-out/>
</testsuite> <!-- TestCases.TC009_Search_Product -->
