<?xml version="1.0" encoding="UTF-8"?>
<!-- Generated by org.testng.reporters.JUnitReportReporter -->
<testsuite hostname="DESKTOP-UNVGE05" failures="0" tests="1" name="TestCases.TC003_InvalidCredentials" time="4.456" errors="0" timestamp="2023-06-02T12:33:23 AEST" skipped="0">
  <testcase classname="TestCases.TC003_InvalidCredentials" name="TC003_InvalidCredentials" time="4.456"/>
  <system-out/>
</testsuite> <!-- TestCases.TC003_InvalidCredentials -->
